<?xml version="1.0" encoding="UTF-8"?>
<!-- Generated by org.testng.reporters.JUnitReportReporter -->
<testsuite hostname="kemas" failures="0" tests="11" name="com.mohs10.scripts.HomeTest" time="104.526" errors="0" timestamp="2022-05-13T13:51:46 IST" skipped="0">
  <testcase classname="com.mohs10.scripts.HomeTest" name="search_AlphaNum_SpclChar_TestCase" time="10.898"/>
  <system-out/>
  <testcase classname="com.mohs10.scripts.HomeTest" name="search_NumericsTestCase" time="10.149"/>
  <system-out/>
  <testcase classname="com.mohs10.scripts.HomeTest" name="search_SpclCharTestCase" time="8.029"/>
  <system-out/>
  <testcase classname="com.mohs10.scripts.HomeTest" name="search_SingleCharTestCase" time="10.389"/>
  <system-out/>
  <testcase classname="com.mohs10.scripts.HomeTest" name="auto_suggestion_TestCase" time="5.183"/>
  <system-out/>
  <testcase classname="com.mohs10.scripts.HomeTest" name="srchTestCase" time="7.919"/>
  <system-out/>
  <testcase classname="com.mohs10.scripts.HomeTest" name="Review_TestCase" time="13.852"/>
  <system-out/>
  <testcase classname="com.mohs10.scripts.HomeTest" name="searchiPhoneProdTestCase" time="11.127"/>
  <system-out/>
  <testcase classname="com.mohs10.scripts.HomeTest" name="searchTestCase" time="8.051"/>
  <system-out/>
  <testcase classname="com.mohs10.scripts.HomeTest" name="searchProdTestCase" time="8.084"/>
  <system-out/>
  <testcase classname="com.mohs10.scripts.HomeTest" name="search_AlphaNumericsTestCase" time="10.845"/>
  <system-out/>
</testsuite> <!-- com.mohs10.scripts.HomeTest -->
